
> thingsgame@1.0.0 start
> concurrently "npm run start:fe" "npm run start:be"

[0] 
[0] > thingsgame@1.0.0 start:fe
[0] > npm run --prefix ./frontend start
[0] 
[1] 
[1] > thingsgame@1.0.0 start:be
[1] > npm run --prefix ./backend start
[1] 
[0] 
[0] > frontend@0.1.0 start
[0] > react-scripts start
[0] 
[1] 
[1] > backend@1.0.0 start
[1] > node -r dotenv/config index.js
[1] 
[1] (node:8672) [MONGODB DRIVER] Warning: useNewUrlParser is a deprecated option: useNewUrlParser has no effect since Node.js Driver version 4.0.0 and will be removed in the next major version
[1] (Use `node --trace-warnings ...` to show where the warning was created)
[1] (node:8672) [MONGODB DRIVER] Warning: useUnifiedTopology is a deprecated option: useUnifiedTopology has no effect since Node.js Driver version 4.0.0 and will be removed in the next major version
[1] Server ready at http://localhost:5500/graphql
[0] (node:8683) [DEP_WEBPACK_DEV_SERVER_ON_AFTER_SETUP_MIDDLEWARE] DeprecationWarning: 'onAfterSetupMiddleware' option is deprecated. Please use the 'setupMiddlewares' option.
[0] (Use `node --trace-deprecation ...` to show where the warning was created)
[0] (node:8683) [DEP_WEBPACK_DEV_SERVER_ON_BEFORE_SETUP_MIDDLEWARE] DeprecationWarning: 'onBeforeSetupMiddleware' option is deprecated. Please use the 'setupMiddlewares' option.
[0] Starting the development server...
[0] 
[0] Compiled successfully!
[0] 
[0] You can now view frontend in the browser.
[0] 
[0]   Local:            http://localhost:3000
[0]   On Your Network:  http://192.168.68.120:3000
[0] 
[0] Note that the development build is not optimized.
[0] To create a production build, use npm run build.
[0] 
[0] webpack compiled successfully
[0] Files successfully emitted, waiting for typecheck results...
[0] Issues checking in progress...
[0] No issues found.

> thingsgame@1.0.0 start
> concurrently "npm run start:fe" "npm run start:be"

[0] 
[0] > thingsgame@1.0.0 start:fe
[0] > npm run --prefix ./frontend start
[0] 
[1] 
[1] > thingsgame@1.0.0 start:be
[1] > npm run --prefix ./backend start
[1] 
[0] 
[0] > frontend@0.1.0 start
[0] > react-scripts start
[0] 
[1] 
[1] > backend@1.0.0 start
[1] > node -r dotenv/config index.js
[1] 
[1] (node:8850) [MONGODB DRIVER] Warning: useNewUrlParser is a deprecated option: useNewUrlParser has no effect since Node.js Driver version 4.0.0 and will be removed in the next major version
[1] (Use `node --trace-warnings ...` to show where the warning was created)
[1] (node:8850) [MONGODB DRIVER] Warning: useUnifiedTopology is a deprecated option: useUnifiedTopology has no effect since Node.js Driver version 4.0.0 and will be removed in the next major version
[1] Internal error emitted on the WebSocket server. Please check your implementation. Error: listen EADDRINUSE: address already in use 0.0.0.0:5500
[1]     at Server.setupListenHandle [as _listen2] (node:net:1811:16)
[1]     at listenInCluster (node:net:1859:12)
[1]     at doListen (node:net:2008:7)
[1]     at process.processTicksAndRejections (node:internal/process/task_queues:83:21) {
[1]   code: 'EADDRINUSE',
[1]   errno: -98,
[1]   syscall: 'listen',
[1]   address: '0.0.0.0',
[1]   port: 5500
[1] }
[0] Something is already running on port 3000.
[0] npm run start:fe exited with code 0
[1] npm run start:be exited with code SIGHUP
[0] npm run start:fe exited with code SIGHUP
[1] npm run start:be exited with code SIGHUP
